[1006/212319.679:ERROR:process_reader_win.cc(123)] NtOpenThread: {Acesso Negado} Um processo solicitou acesso a um objeto, mas o direito de acesso não lhe foi concedido. (0xc0000022)
[1006/212319.695:ERROR:exception_snapshot_win.cc(99)] thread ID 19416 not found in process
[1006/212319.726:ERROR:process_reader_win.cc(123)] NtOpenThread: {Acesso Negado} Um processo solicitou acesso a um objeto, mas o direito de acesso não lhe foi concedido. (0xc0000022)
[1006/212319.726:ERROR:exception_snapshot_win.cc(99)] thread ID 10904 not found in process
[1006/212319.788:ERROR:process_reader_win.cc(123)] NtOpenThread: {Acesso Negado} Um processo solicitou acesso a um objeto, mas o direito de acesso não lhe foi concedido. (0xc0000022)
[1006/212319.788:ERROR:exception_snapshot_win.cc(99)] thread ID 21928 not found in process
[1006/212319.835:ERROR:process_reader_win.cc(123)] NtOpenThread: {Acesso Negado} Um processo solicitou acesso a um objeto, mas o direito de acesso não lhe foi concedido. (0xc0000022)
[1006/212319.835:ERROR:exception_snapshot_win.cc(99)] thread ID 7740 not found in process
[1006/212319.960:ERROR:process_reader_win.cc(123)] NtOpenThread: {Acesso Negado} Um processo solicitou acesso a um objeto, mas o direito de acesso não lhe foi concedido. (0xc0000022)
[1006/212319.960:ERROR:exception_snapshot_win.cc(99)] thread ID 19060 not found in process
[1006/212319.960:ERROR:process_reader_win.cc(123)] NtOpenThread: {Acesso Negado} Um processo solicitou acesso a um objeto, mas o direito de acesso não lhe foi concedido. (0xc0000022)
[1006/212319.960:ERROR:exception_snapshot_win.cc(99)] thread ID 7900 not found in process
[1006/212320.070:ERROR:process_reader_win.cc(123)] NtOpenThread: {Acesso Negado} Um processo solicitou acesso a um objeto, mas o direito de acesso não lhe foi concedido. (0xc0000022)
[1006/212320.070:ERROR:exception_snapshot_win.cc(99)] thread ID 8016 not found in process
[1006/212320.117:ERROR:process_reader_win.cc(123)] NtOpenThread: {Acesso Negado} Um processo solicitou acesso a um objeto, mas o direito de acesso não lhe foi concedido. (0xc0000022)
[1006/212320.117:ERROR:exception_snapshot_win.cc(99)] thread ID 6892 not found in process
[1006/212320.148:ERROR:process_reader_win.cc(123)] NtOpenThread: {Acesso Negado} Um processo solicitou acesso a um objeto, mas o direito de acesso não lhe foi concedido. (0xc0000022)
[1006/212320.148:ERROR:exception_snapshot_win.cc(99)] thread ID 18448 not found in process
[1006/212320.226:ERROR:process_info.cc(329)] VirtualQueryEx: Acesso negado. (0x5)
[1006/212320.226:ERROR:process_info.cc(556)] ReadMemoryInfo failed
[1006/212320.226:ERROR:process_memory_win.cc(39)] Failed to initialize ProcessInfo.
[1006/212320.226:ERROR:scoped_process_suspend.cc(40)] NtResumeProcess: Tentou-se acessar um processo de saída. (0xc000010a)
